  Admin.cpp
  Bank Project.cpp
D:\repo\Bank-Project\Employee.h(5,1): error C2059: syntax error: '<<'
  (compiling source file 'Admin.cpp')
  
C:\Program Files\Microsoft Visual Studio\2022\Community\VC\Tools\MSVC\14.38.33130\include\__msvc_filebuf.hpp(27,1): error C2143: syntax error: missing ';' before '{'
  (compiling source file 'Admin.cpp')
  
C:\Program Files\Microsoft Visual Studio\2022\Community\VC\Tools\MSVC\14.38.33130\include\__msvc_filebuf.hpp(27,1): error C2447: '{': missing function header (old-style formal list?)
  (compiling source file 'Admin.cpp')
  
C:\Program Files\Microsoft Visual Studio\2022\Community\VC\Tools\MSVC\14.38.33130\include\fstream(57,38): error C2065: '_Is_any_path': undeclared identifier
  (compiling source file 'Admin.cpp')
  C:\Program Files\Microsoft Visual Studio\2022\Community\VC\Tools\MSVC\14.38.33130\include\fstream(57,38):
  the template instantiation context (the oldest one first) is
  	C:\Program Files\Microsoft Visual Studio\2022\Community\VC\Tools\MSVC\14.38.33130\include\fstream(199,2):
  	see reference to class template instantiation 'std::basic_ifstream<_Elem,_Traits>' being compiled
  
C:\Program Files\Microsoft Visual Studio\2022\Community\VC\Tools\MSVC\14.38.33130\include\fstream(57,62): error C2988: unrecognizable template declaration/definition
  (compiling source file 'Admin.cpp')
  
C:\Program Files\Microsoft Visual Studio\2022\Community\VC\Tools\MSVC\14.38.33130\include\fstream(57,62): error C2059: syntax error: '='
  (compiling source file 'Admin.cpp')
  
C:\Program Files\Microsoft Visual Studio\2022\Community\VC\Tools\MSVC\14.38.33130\include\fstream(60,9): error C2334: unexpected token(s) preceding ':'; skipping apparent function body
  (compiling source file 'Admin.cpp')
  
C:\Program Files\Microsoft Visual Studio\2022\Community\VC\Tools\MSVC\14.38.33130\include\fstream(199,1): error C1903: unable to recover from previous error(s); stopping compilation
  (compiling source file 'Admin.cpp')
  
D:\repo\Bank-Project\Client.h(68,14): error C2143: syntax error: missing ';' before '<'
  (compiling source file 'Bank%20Project.cpp')
  
D:\repo\Bank-Project\Client.h(68,14): error C4430: missing type specifier - int assumed. Note: C++ does not support default-int
  (compiling source file 'Bank%20Project.cpp')
  
D:\repo\Bank-Project\Client.h(68,14): error C2059: syntax error: '<'
  (compiling source file 'Bank%20Project.cpp')
  
D:\repo\Bank-Project\Employee.h(5,1): error C2059: syntax error: '<<'
  (compiling source file 'Bank%20Project.cpp')
  
C:\Program Files\Microsoft Visual Studio\2022\Community\VC\Tools\MSVC\14.38.33130\include\__msvc_filebuf.hpp(27,1): error C2143: syntax error: missing ';' before '{'
  (compiling source file 'Bank%20Project.cpp')
  
C:\Program Files\Microsoft Visual Studio\2022\Community\VC\Tools\MSVC\14.38.33130\include\__msvc_filebuf.hpp(27,1): error C2447: '{': missing function header (old-style formal list?)
  (compiling source file 'Bank%20Project.cpp')
  
C:\Program Files\Microsoft Visual Studio\2022\Community\VC\Tools\MSVC\14.38.33130\include\fstream(57,38): error C2065: '_Is_any_path': undeclared identifier
  (compiling source file 'Bank%20Project.cpp')
  C:\Program Files\Microsoft Visual Studio\2022\Community\VC\Tools\MSVC\14.38.33130\include\fstream(57,38):
  the template instantiation context (the oldest one first) is
  	C:\Program Files\Microsoft Visual Studio\2022\Community\VC\Tools\MSVC\14.38.33130\include\fstream(199,2):
  	see reference to class template instantiation 'std::basic_ifstream<_Elem,_Traits>' being compiled
  
C:\Program Files\Microsoft Visual Studio\2022\Community\VC\Tools\MSVC\14.38.33130\include\fstream(57,62): error C2988: unrecognizable template declaration/definition
  (compiling source file 'Bank%20Project.cpp')
  
C:\Program Files\Microsoft Visual Studio\2022\Community\VC\Tools\MSVC\14.38.33130\include\fstream(57,62): error C2059: syntax error: '='
  (compiling source file 'Bank%20Project.cpp')
  
C:\Program Files\Microsoft Visual Studio\2022\Community\VC\Tools\MSVC\14.38.33130\include\fstream(60,9): error C2334: unexpected token(s) preceding ':'; skipping apparent function body
  (compiling source file 'Bank%20Project.cpp')
  
C:\Program Files\Microsoft Visual Studio\2022\Community\VC\Tools\MSVC\14.38.33130\include\fstream(199,1): error C1903: unable to recover from previous error(s); stopping compilation
  (compiling source file 'Bank%20Project.cpp')
  
  Client.cpp
D:\repo\Bank-Project\Client.h(68,14): error C2143: syntax error: missing ';' before '<'
  (compiling source file 'Client.cpp')
  
D:\repo\Bank-Project\Client.h(68,14): error C4430: missing type specifier - int assumed. Note: C++ does not support default-int
  (compiling source file 'Client.cpp')
  
D:\repo\Bank-Project\Client.h(68,14): error C2059: syntax error: '<'
  (compiling source file 'Client.cpp')
  
  DataSourceInterface.cpp
D:\repo\Bank-Project\Employee.h(5,1): error C2059: syntax error: '<<'
  (compiling source file 'DataSourceInterface.cpp')
  
C:\Program Files\Microsoft Visual Studio\2022\Community\VC\Tools\MSVC\14.38.33130\include\__msvc_filebuf.hpp(27,1): error C2143: syntax error: missing ';' before '{'
  (compiling source file 'DataSourceInterface.cpp')
  
C:\Program Files\Microsoft Visual Studio\2022\Community\VC\Tools\MSVC\14.38.33130\include\__msvc_filebuf.hpp(27,1): error C2447: '{': missing function header (old-style formal list?)
  (compiling source file 'DataSourceInterface.cpp')
  
C:\Program Files\Microsoft Visual Studio\2022\Community\VC\Tools\MSVC\14.38.33130\include\fstream(57,38): error C2065: '_Is_any_path': undeclared identifier
  (compiling source file 'DataSourceInterface.cpp')
  C:\Program Files\Microsoft Visual Studio\2022\Community\VC\Tools\MSVC\14.38.33130\include\fstream(57,38):
  the template instantiation context (the oldest one first) is
  	C:\Program Files\Microsoft Visual Studio\2022\Community\VC\Tools\MSVC\14.38.33130\include\fstream(199,2):
  	see reference to class template instantiation 'std::basic_ifstream<_Elem,_Traits>' being compiled
  
C:\Program Files\Microsoft Visual Studio\2022\Community\VC\Tools\MSVC\14.38.33130\include\fstream(57,62): error C2988: unrecognizable template declaration/definition
  (compiling source file 'DataSourceInterface.cpp')
  
C:\Program Files\Microsoft Visual Studio\2022\Community\VC\Tools\MSVC\14.38.33130\include\fstream(57,62): error C2059: syntax error: '='
  (compiling source file 'DataSourceInterface.cpp')
  
C:\Program Files\Microsoft Visual Studio\2022\Community\VC\Tools\MSVC\14.38.33130\include\fstream(60,9): error C2334: unexpected token(s) preceding ':'; skipping apparent function body
  (compiling source file 'DataSourceInterface.cpp')
  
C:\Program Files\Microsoft Visual Studio\2022\Community\VC\Tools\MSVC\14.38.33130\include\fstream(199,1): error C1903: unable to recover from previous error(s); stopping compilation
  (compiling source file 'DataSourceInterface.cpp')
  
  Employee.cpp
  EmployeeManager.cpp
D:\repo\Bank-Project\Client.h(68,14): error C2143: syntax error: missing ';' before '<'
  (compiling source file 'EmployeeManager.cpp')
  
D:\repo\Bank-Project\Client.h(68,14): error C4430: missing type specifier - int assumed. Note: C++ does not support default-int
  (compiling source file 'EmployeeManager.cpp')
  
D:\repo\Bank-Project\Client.h(68,14): error C2059: syntax error: '<'
  (compiling source file 'EmployeeManager.cpp')
  
  FileManager.cpp
D:\repo\Bank-Project\Employee.h(5,1): error C2059: syntax error: '<<'
  (compiling source file 'FileManager.cpp')
  
C:\Program Files\Microsoft Visual Studio\2022\Community\VC\Tools\MSVC\14.38.33130\include\__msvc_filebuf.hpp(27,1): error C2143: syntax error: missing ';' before '{'
  (compiling source file 'FileManager.cpp')
  
C:\Program Files\Microsoft Visual Studio\2022\Community\VC\Tools\MSVC\14.38.33130\include\__msvc_filebuf.hpp(27,1): error C2447: '{': missing function header (old-style formal list?)
  (compiling source file 'FileManager.cpp')
  
C:\Program Files\Microsoft Visual Studio\2022\Community\VC\Tools\MSVC\14.38.33130\include\fstream(57,38): error C2065: '_Is_any_path': undeclared identifier
  (compiling source file 'FileManager.cpp')
  C:\Program Files\Microsoft Visual Studio\2022\Community\VC\Tools\MSVC\14.38.33130\include\fstream(57,38):
  the template instantiation context (the oldest one first) is
  	C:\Program Files\Microsoft Visual Studio\2022\Community\VC\Tools\MSVC\14.38.33130\include\fstream(199,2):
  	see reference to class template instantiation 'std::basic_ifstream<_Elem,_Traits>' being compiled
  
C:\Program Files\Microsoft Visual Studio\2022\Community\VC\Tools\MSVC\14.38.33130\include\fstream(57,62): error C2988: unrecognizable template declaration/definition
  (compiling source file 'FileManager.cpp')
  
C:\Program Files\Microsoft Visual Studio\2022\Community\VC\Tools\MSVC\14.38.33130\include\fstream(57,62): error C2059: syntax error: '='
  (compiling source file 'FileManager.cpp')
  
C:\Program Files\Microsoft Visual Studio\2022\Community\VC\Tools\MSVC\14.38.33130\include\fstream(60,9): error C2334: unexpected token(s) preceding ':'; skipping apparent function body
  (compiling source file 'FileManager.cpp')
  
C:\Program Files\Microsoft Visual Studio\2022\Community\VC\Tools\MSVC\14.38.33130\include\fstream(199,1): error C1903: unable to recover from previous error(s); stopping compilation
  (compiling source file 'FileManager.cpp')
  
  FilesHelper.cpp
D:\repo\Bank-Project\Employee.h(5,1): error C2059: syntax error: '<<'
  (compiling source file 'FilesHelper.cpp')
  
D:\repo\Bank-Project\Admin.h(58,22): error C2440: 'initializing': cannot convert from 'initializer list' to 'Client'
  (compiling source file 'FilesHelper.cpp')
  D:\repo\Bank-Project\Admin.h(58,22):
  'Client::Client': no overloaded function could convert all the argument types
  	D:\repo\Bank-Project\Client.h(16,5):
  	could be 'Client::Client(std::string,std::string,int,double)'
  		D:\repo\Bank-Project\Admin.h(58,22):
  		'Client::Client(std::string,std::string,int,double)': cannot convert argument 1 from 'int' to 'std::string'
  			D:\repo\Bank-Project\Admin.h(58,24):
  			'std::basic_string<char,std::char_traits<char>,std::allocator<char>>::basic_string': no overloaded function could convert all the argument types
  				C:\Program Files\Microsoft Visual Studio\2022\Community\VC\Tools\MSVC\14.38.33130\include\xstring(2545,5):
  				could be 'std::basic_string<char,std::char_traits<char>,std::allocator<char>>::basic_string(const _Elem *const )'
          with
          [
              _Elem=char
          ]
  					D:\repo\Bank-Project\Admin.h(58,24):
  					'std::basic_string<char,std::char_traits<char>,std::allocator<char>>::basic_string(const _Elem *const )': cannot convert argument 1 from 'int' to 'const _Elem *const '
          with
          [
              _Elem=char
          ]
  						D:\repo\Bank-Project\Admin.h(58,24):
  						Conversion from integral type to pointer type requires reinterpret_cast, C-style cast or parenthesized function-style cast
  				C:\Program Files\Microsoft Visual Studio\2022\Community\VC\Tools\MSVC\14.38.33130\include\xstring(3092,5):
  				or       'std::basic_string<char,std::char_traits<char>,std::allocator<char>>::basic_string(std::initializer_list<_Elem>,const _Alloc &)'
          with
          [
              _Elem=char,
              _Alloc=std::allocator<char>
          ]
  					D:\repo\Bank-Project\Admin.h(58,24):
  					'std::basic_string<char,std::char_traits<char>,std::allocator<char>>::basic_string(std::initializer_list<_Elem>,const _Alloc &)': cannot convert argument 1 from 'int' to 'std::initializer_list<_Elem>'
          with
          [
              _Elem=char,
              _Alloc=std::allocator<char>
          ]
          and
          [
              _Elem=char
          ]
  						D:\repo\Bank-Project\Admin.h(58,24):
  						Conversion requires a second user-defined-conversion operator or constructor
  				C:\Program Files\Microsoft Visual Studio\2022\Community\VC\Tools\MSVC\14.38.33130\include\xstring(2575,5):
  				or       'std::basic_string<char,std::char_traits<char>,std::allocator<char>>::basic_string(_Iter,_Iter,const _Alloc &)'
          with
          [
              _Alloc=std::allocator<char>
          ]
  				D:\repo\Bank-Project\Admin.h(58,24):
  				while trying to match the argument list '(int)'
  	D:\repo\Bank-Project\Admin.h(58,22):
  	while trying to match the argument list '(int, const char [5], const char [12], double)'
  
  Parser.cpp
D:\repo\Bank-Project\Employee.h(5,1): error C2059: syntax error: '<<'
  (compiling source file 'Parser.cpp')
  
D:\repo\Bank-Project\Admin.h(58,22): error C2440: 'initializing': cannot convert from 'initializer list' to 'Client'
  (compiling source file 'Parser.cpp')
  D:\repo\Bank-Project\Admin.h(58,22):
  'Client::Client': no overloaded function could convert all the argument types
  	D:\repo\Bank-Project\Client.h(16,5):
  	could be 'Client::Client(std::string,std::string,int,double)'
  		D:\repo\Bank-Project\Admin.h(58,22):
  		'Client::Client(std::string,std::string,int,double)': cannot convert argument 1 from 'int' to 'std::string'
  			D:\repo\Bank-Project\Admin.h(58,24):
  			'std::basic_string<char,std::char_traits<char>,std::allocator<char>>::basic_string': no overloaded function could convert all the argument types
  				C:\Program Files\Microsoft Visual Studio\2022\Community\VC\Tools\MSVC\14.38.33130\include\xstring(2545,5):
  				could be 'std::basic_string<char,std::char_traits<char>,std::allocator<char>>::basic_string(const _Elem *const )'
          with
          [
              _Elem=char
          ]
  					D:\repo\Bank-Project\Admin.h(58,24):
  					'std::basic_string<char,std::char_traits<char>,std::allocator<char>>::basic_string(const _Elem *const )': cannot convert argument 1 from 'int' to 'const _Elem *const '
          with
          [
              _Elem=char
          ]
  						D:\repo\Bank-Project\Admin.h(58,24):
  						Conversion from integral type to pointer type requires reinterpret_cast, C-style cast or parenthesized function-style cast
  				C:\Program Files\Microsoft Visual Studio\2022\Community\VC\Tools\MSVC\14.38.33130\include\xstring(3092,5):
  				or       'std::basic_string<char,std::char_traits<char>,std::allocator<char>>::basic_string(std::initializer_list<_Elem>,const _Alloc &)'
          with
          [
              _Elem=char,
              _Alloc=std::allocator<char>
          ]
  					D:\repo\Bank-Project\Admin.h(58,24):
  					'std::basic_string<char,std::char_traits<char>,std::allocator<char>>::basic_string(std::initializer_list<_Elem>,const _Alloc &)': cannot convert argument 1 from 'int' to 'std::initializer_list<_Elem>'
          with
          [
              _Elem=char,
              _Alloc=std::allocator<char>
          ]
          and
          [
              _Elem=char
          ]
  						D:\repo\Bank-Project\Admin.h(58,24):
  						Conversion requires a second user-defined-conversion operator or constructor
  				C:\Program Files\Microsoft Visual Studio\2022\Community\VC\Tools\MSVC\14.38.33130\include\xstring(2575,5):
  				or       'std::basic_string<char,std::char_traits<char>,std::allocator<char>>::basic_string(_Iter,_Iter,const _Alloc &)'
          with
          [
              _Alloc=std::allocator<char>
          ]
  				D:\repo\Bank-Project\Admin.h(58,24):
  				while trying to match the argument list '(int)'
  	D:\repo\Bank-Project\Admin.h(58,22):
  	while trying to match the argument list '(int, const char [5], const char [12], double)'
  
  Person.cpp
  Validation.cpp
  Generating Code...
