  Admin.cpp
  Bank Project.cpp
C:\Users\Moham\OneDrive\Desktop\Bank Project\Parser.h(34,18): error C3646: 'parseToEmployee': unknown override specifier
  (compiling source file 'Admin.cpp')
  
C:\Users\Moham\OneDrive\Desktop\Bank Project\Parser.h(34,34): error C2275: 'std::string': expected an expression instead of a type
  (compiling source file 'Admin.cpp')
  
C:\Users\Moham\OneDrive\Desktop\Bank Project\Parser.h(34,41): error C2146: syntax error: missing ')' before identifier 'line'
  (compiling source file 'Admin.cpp')
  
C:\Users\Moham\OneDrive\Desktop\Bank Project\Parser.h(34,47): error C2334: unexpected token(s) preceding '{'; skipping apparent function body
  (compiling source file 'Admin.cpp')
  
C:\Users\Moham\OneDrive\Desktop\Bank Project\Parser.h(43,15): error C3646: 'parseToAdmin': unknown override specifier
  (compiling source file 'Admin.cpp')
  
C:\Users\Moham\OneDrive\Desktop\Bank Project\Parser.h(43,28): error C2275: 'std::string': expected an expression instead of a type
  (compiling source file 'Admin.cpp')
  
C:\Users\Moham\OneDrive\Desktop\Bank Project\Parser.h(43,35): error C2146: syntax error: missing ')' before identifier 'line'
  (compiling source file 'Admin.cpp')
  
C:\Users\Moham\OneDrive\Desktop\Bank Project\Parser.h(43,41): error C2334: unexpected token(s) preceding '{'; skipping apparent function body
  (compiling source file 'Admin.cpp')
  
C:\Users\Moham\OneDrive\Desktop\Bank Project\Admin.h(7,22): error C2504: 'Employee': base class undefined
  (compiling source file 'Bank%20Project.cpp')
  
C:\Users\Moham\OneDrive\Desktop\Bank Project\Admin.h(11,15): error C2039: 'salary': is not a member of 'Admin'
  (compiling source file 'Bank%20Project.cpp')
  C:\Users\Moham\OneDrive\Desktop\Bank Project\Admin.h(7,7):
  see declaration of 'Admin'
  
C:\Users\Moham\OneDrive\Desktop\Bank Project\Admin.h(14,65): error C2614: 'Admin': illegal member initialization: 'Employee' is not a base or member
  (compiling source file 'Bank%20Project.cpp')
  
C:\Users\Moham\OneDrive\Desktop\Bank Project\Parser.h(34,18): error C3646: 'parseToEmployee': unknown override specifier
  (compiling source file 'Bank%20Project.cpp')
  
C:\Users\Moham\OneDrive\Desktop\Bank Project\Parser.h(34,34): error C2275: 'std::string': expected an expression instead of a type
  (compiling source file 'Bank%20Project.cpp')
  
C:\Users\Moham\OneDrive\Desktop\Bank Project\Parser.h(34,41): error C2146: syntax error: missing ')' before identifier 'line'
  (compiling source file 'Bank%20Project.cpp')
  
C:\Users\Moham\OneDrive\Desktop\Bank Project\Parser.h(34,47): error C2334: unexpected token(s) preceding '{'; skipping apparent function body
  (compiling source file 'Bank%20Project.cpp')
  
C:\Users\Moham\OneDrive\Desktop\Bank Project\Parser.h(46,9): error C2039: 'setId': is not a member of 'Admin'
  (compiling source file 'Bank%20Project.cpp')
  C:\Users\Moham\OneDrive\Desktop\Bank Project\Admin.h(7,7):
  see declaration of 'Admin'
  
C:\Users\Moham\OneDrive\Desktop\Bank Project\Parser.h(47,9): error C2039: 'setSalary': is not a member of 'Admin'
  (compiling source file 'Bank%20Project.cpp')
  C:\Users\Moham\OneDrive\Desktop\Bank Project\Admin.h(7,7):
  see declaration of 'Admin'
  
C:\Users\Moham\OneDrive\Desktop\Bank Project\Parser.h(48,9): error C2039: 'setName': is not a member of 'Admin'
  (compiling source file 'Bank%20Project.cpp')
  C:\Users\Moham\OneDrive\Desktop\Bank Project\Admin.h(7,7):
  see declaration of 'Admin'
  
C:\Users\Moham\OneDrive\Desktop\Bank Project\Parser.h(49,9): error C2039: 'setPassword': is not a member of 'Admin'
  (compiling source file 'Bank%20Project.cpp')
  C:\Users\Moham\OneDrive\Desktop\Bank Project\Admin.h(7,7):
  see declaration of 'Admin'
  
C:\Users\Moham\OneDrive\Desktop\Bank Project\FilesHelper.h(50,10): error C2440: '=': cannot convert from 'Admin *' to 'Employee *'
  (compiling source file 'Bank%20Project.cpp')
  C:\Users\Moham\OneDrive\Desktop\Bank Project\FilesHelper.h(50,10):
  Types pointed to are unrelated; conversion requires reinterpret_cast, C-style cast or parenthesized function-style cast
  
C:\Users\Moham\OneDrive\Desktop\Bank Project\FilesHelper.h(74,32): error C2039: 'parseToEmployee': is not a member of 'Parser'
  (compiling source file 'Bank%20Project.cpp')
  C:\Users\Moham\OneDrive\Desktop\Bank Project\Parser.h(9,7):
  see declaration of 'Parser'
  
C:\Users\Moham\OneDrive\Desktop\Bank Project\FilesHelper.h(74,32): error C3861: 'parseToEmployee': identifier not found
  (compiling source file 'Bank%20Project.cpp')
  
C:\Users\Moham\OneDrive\Desktop\Bank Project\FilesHelper.h(85,6): error C2039: 'display': is not a member of 'Admin'
  (compiling source file 'Bank%20Project.cpp')
  C:\Users\Moham\OneDrive\Desktop\Bank Project\Admin.h(7,7):
  see declaration of 'Admin'
  
C:\Users\Moham\OneDrive\Desktop\Bank Project\Bank Project.cpp(18,7): error C2039: 'display': is not a member of 'Admin'
  C:\Users\Moham\OneDrive\Desktop\Bank Project\Admin.h(7,7):
  see declaration of 'Admin'
  
C:\Users\Moham\OneDrive\Desktop\Bank Project\Bank Project.cpp(25,18): error C2664: 'void FilesHelper::saveEmployee(Employee &,std::string,std::string)': cannot convert argument 1 from 'Admin' to 'Employee &'
  C:\Users\Moham\OneDrive\Desktop\Bank Project\FilesHelper.h(39,14):
  see declaration of 'FilesHelper::saveEmployee'
  C:\Users\Moham\OneDrive\Desktop\Bank Project\Bank Project.cpp(25,18):
  while trying to match the argument list '(Admin, std::string, std::string)'
  
  DataSourceInterface.cpp
C:\Users\Moham\OneDrive\Desktop\Bank Project\Parser.h(34,18): error C3646: 'parseToEmployee': unknown override specifier
  (compiling source file 'DataSourceInterface.cpp')
  
C:\Users\Moham\OneDrive\Desktop\Bank Project\Parser.h(34,34): error C2275: 'std::string': expected an expression instead of a type
  (compiling source file 'DataSourceInterface.cpp')
  
C:\Users\Moham\OneDrive\Desktop\Bank Project\Parser.h(34,41): error C2146: syntax error: missing ')' before identifier 'line'
  (compiling source file 'DataSourceInterface.cpp')
  
C:\Users\Moham\OneDrive\Desktop\Bank Project\Parser.h(34,47): error C2334: unexpected token(s) preceding '{'; skipping apparent function body
  (compiling source file 'DataSourceInterface.cpp')
  
C:\Users\Moham\OneDrive\Desktop\Bank Project\Parser.h(43,15): error C3646: 'parseToAdmin': unknown override specifier
  (compiling source file 'DataSourceInterface.cpp')
  
C:\Users\Moham\OneDrive\Desktop\Bank Project\Parser.h(43,28): error C2275: 'std::string': expected an expression instead of a type
  (compiling source file 'DataSourceInterface.cpp')
  
C:\Users\Moham\OneDrive\Desktop\Bank Project\Parser.h(43,35): error C2146: syntax error: missing ')' before identifier 'line'
  (compiling source file 'DataSourceInterface.cpp')
  
C:\Users\Moham\OneDrive\Desktop\Bank Project\Parser.h(43,41): error C2334: unexpected token(s) preceding '{'; skipping apparent function body
  (compiling source file 'DataSourceInterface.cpp')
  
  Employee.cpp
  FileManager.cpp
C:\Users\Moham\OneDrive\Desktop\Bank Project\Parser.h(34,18): error C3646: 'parseToEmployee': unknown override specifier
  (compiling source file 'FileManager.cpp')
  
C:\Users\Moham\OneDrive\Desktop\Bank Project\Parser.h(34,34): error C2275: 'std::string': expected an expression instead of a type
  (compiling source file 'FileManager.cpp')
  
C:\Users\Moham\OneDrive\Desktop\Bank Project\Parser.h(34,41): error C2146: syntax error: missing ')' before identifier 'line'
  (compiling source file 'FileManager.cpp')
  
C:\Users\Moham\OneDrive\Desktop\Bank Project\Parser.h(34,47): error C2334: unexpected token(s) preceding '{'; skipping apparent function body
  (compiling source file 'FileManager.cpp')
  
C:\Users\Moham\OneDrive\Desktop\Bank Project\Parser.h(43,15): error C3646: 'parseToAdmin': unknown override specifier
  (compiling source file 'FileManager.cpp')
  
C:\Users\Moham\OneDrive\Desktop\Bank Project\Parser.h(43,28): error C2275: 'std::string': expected an expression instead of a type
  (compiling source file 'FileManager.cpp')
  
C:\Users\Moham\OneDrive\Desktop\Bank Project\Parser.h(43,35): error C2146: syntax error: missing ')' before identifier 'line'
  (compiling source file 'FileManager.cpp')
  
C:\Users\Moham\OneDrive\Desktop\Bank Project\Parser.h(43,41): error C2334: unexpected token(s) preceding '{'; skipping apparent function body
  (compiling source file 'FileManager.cpp')
  
C:\Users\Moham\OneDrive\Desktop\Bank Project\FilesHelper.h(74,32): error C2039: 'parseToEmployee': is not a member of 'Parser'
  (compiling source file 'FileManager.cpp')
  C:\Users\Moham\OneDrive\Desktop\Bank Project\Parser.h(9,7):
  see declaration of 'Parser'
  
C:\Users\Moham\OneDrive\Desktop\Bank Project\FilesHelper.h(74,32): error C3861: 'parseToEmployee': identifier not found
  (compiling source file 'FileManager.cpp')
  
C:\Users\Moham\OneDrive\Desktop\Bank Project\FilesHelper.h(83,29): error C2039: 'parseToAdmin': is not a member of 'Parser'
  (compiling source file 'FileManager.cpp')
  C:\Users\Moham\OneDrive\Desktop\Bank Project\Parser.h(9,7):
  see declaration of 'Parser'
  
C:\Users\Moham\OneDrive\Desktop\Bank Project\FilesHelper.h(83,29): error C3861: 'parseToAdmin': identifier not found
  (compiling source file 'FileManager.cpp')
  
C:\Users\Moham\OneDrive\Desktop\Bank Project\FileManager.h(45,41): error C2039: 'parseToEmployee': is not a member of 'Parser'
  (compiling source file 'FileManager.cpp')
  C:\Users\Moham\OneDrive\Desktop\Bank Project\Parser.h(9,7):
  see declaration of 'Parser'
  
C:\Users\Moham\OneDrive\Desktop\Bank Project\FileManager.h(45,41): error C3861: 'parseToEmployee': identifier not found
  (compiling source file 'FileManager.cpp')
  
C:\Users\Moham\OneDrive\Desktop\Bank Project\FileManager.h(54,38): error C2039: 'parseToAdmin': is not a member of 'Parser'
  (compiling source file 'FileManager.cpp')
  C:\Users\Moham\OneDrive\Desktop\Bank Project\Parser.h(9,7):
  see declaration of 'Parser'
  
C:\Users\Moham\OneDrive\Desktop\Bank Project\FileManager.h(54,38): error C3861: 'parseToAdmin': identifier not found
  (compiling source file 'FileManager.cpp')
  
  FilesHelper.cpp
  Parser.cpp
  Generating Code...
